<?xml version="1.0" encoding="utf-8"?><testsuites name="pytest tests"><testsuite name="pytest" errors="0" failures="0" skipped="0" tests="578" time="50.821" timestamp="2026-01-01T16:45:20.779800+00:00" hostname="runnervmh13bl"><properties>
[...]
</properties><testcase classname="tests.golden.test_scenario_smoke" name="test_scenario_golden" time="0.021" /><testcase classname="tests.golden.test_tutorial_golden.TestTutorial1ParameterSweeps" name="test_basic_scenario_single_run" time="3.322" /><testcase classname="tests.golden.test_tutorial_golden.TestTutorial1ParameterSweeps" name="test_returns_mode_parameter_sweep" time="3.332" /><testcase classname="tests.golden.test_tutorial_golden.TestTutorial1ParameterSweeps" name="test_capital_mode_parameter_sweep" time="2.173" /><testcase classname="tests.golden.test_tutorial_golden.TestTutorial1ParameterSweeps" name="test_alpha_shares_mode_parameter_sweep" time="5.504" /><testcase classname="tests.golden.test_tutorial_golden.TestTutorial1ParameterSweeps" name="test_vol_mult_mode_parameter_sweep" time="1.894" /><testcase classname="tests.golden.test_tutorial_golden.TestTutorial2ThresholdAnalysis" name="test_threshold_scenario_analysis" time="3.101" /><testcase classname="tests.golden.test_tutorial_golden.TestTutorial2ThresholdAnalysis" name="test_aggressive_scenario" time="3.081" /><testcase classname="tests.golden.test_tutorial_golden.TestTutorial2ThresholdAnalysis" name="test_conservative_scenario" time="3.056" /><testcase classname="tests.golden.test_tutorial_golden.TestTutorial3Integration" name="test_full_pipeline_with_png_export" time="3.069" /><testcase classname="tests.golden.test_tutorial_golden.TestTutorial4Validation" name="test_validation_demo_scenario" time="0.588" /><testcase classname="tests.test_agents" name="test_base_agent_shape" time="0.000" /><testcase classname="tests.test_agents" name="test_external_pa_agent_shape" time="0.000" /><testcase classname="tests.test_agents" name="test_active_extension_agent_shape" time="0.000" /><testcase classname="tests.test_agents" name="test_internal_agents_shape" time="0.000" /><testcase classname="tests.test_agents" name="test_registry_build_all" time="0.000" /><testcase classname="tests.test_agents" name="test_agent_math_identity" time="0.003" /><testcase classname="tests.test_agents" name="test_external_pa_theta_zero_returns_pure_beta" time="0.001" /><testcase classname="tests.test_agents" name="test_active_extension_zero_share_returns_pure_beta" time="0.000" /><testcase classname="tests.test_agents" name="test_active_share_fraction_changes_alpha_scale" time="0.000" /><testcase classname="tests.test_agents" name="test_base_agent_alpha_zero_returns_pure_beta" time="0.000" /><testcase classname="tests.test_agents" name="test_internal_pa_no_alpha_returns_zero" time="0.000" /><testcase classname="tests.test_agents" name="test_build_from_config_basic" time="0.001" /><testcase classname="tests.test_agents" name="test_build_from_config_generic_agents" time="0.000" /><testcase classname="tests.test_agents" name="test_build_from_config_mixed_agents" time="0.000" /><testcase classname="tests.test_agents" name="test_build_from_config_uses_schedule_margin" time="0.007" /><testcase classname="tests.test_agents" name="test_dimension_mismatch_errors" time="0.000" /><testcase classname="tests.test_agents" name="test_dimension_invalid_ndim" time="0.000" /><testcase classname="tests.test_asset_library_exception_handling" name="test_file_descriptor_closing_with_oserror_logging" time="0.004" /><testcase classname="tests.test_asset_library_exception_handling" name="test_file_descriptor_closing_normal_case" time="0.003" /><testcase classname="tests.test_asset_library_exception_handling" name="test_specific_oserror_handling_not_broad_exception" time="0.003" /><testcase classname="tests.test_asset_library_exception_handling" name="test_logger_uses_correct_module_name" time="0.002" /><testcase classname="tests.test_attribution_reporting" name="test_compute_sleeve_return_attribution_basic" time="0.005" /><testcase classname="tests.test_attribution_reporting" name="test_compute_sleeve_risk_attribution_outputs_metrics" time="0.002" /><testcase classname="tests.test_backend_cli_integration.TestBackendCLIIntegration" name="test_backend_numpy_cli_flag" time="0.011" /><testcase classname="tests.test_backend_cli_integration.TestBackendCLIIntegration" name="test_backend_from_config_file" time="0.011" /><testcase classname="tests.test_backend_cli_integration.TestBackendCLIIntegration" name="test_backend_default_fallback" time="0.010" /><testcase classname="tests.test_backend_cli_integration.TestBackendCLIIntegration" name="test_backend_in_manifest_matches_actual" time="0.010" /><testcase classname="tests.test_backend_selection" name="test_backend_cli_numpy" time="0.009" /><testcase classname="tests.test_backend_selection" name="test_backend_config_rejects_unknown" time="0.004" /><testcase classname="tests.test_backend_selection_refactor.TestBackendSelectionHelper" name="test_resolve_backend_cli_priority" time="0.000" /><testcase classname="tests.test_backend_selection_refactor.TestBackendSelectionHelper" name="test_resolve_backend_config_fallback" time="0.000" /><testcase classname="tests.test_backend_selection_refactor.TestBackendSelectionHelper" name="test_resolve_backend_default_fallback" time="0.000" /><testcase classname="tests.test_backend_selection_refactor.TestBackendSelectionHelper" name="test_resolve_backend_unknown_error" time="0.000" /><testcase classname="tests.test_backend_selection_refactor.TestBackendSelectionHelper" name="test_config_with_backend_field" time="0.000" /><testcase classname="tests.test_backend_selection_refactor.TestBackendSelectionHelper" name="test_config_invalid_backend_validation" time="0.000" /><testcase classname="tests.test_backend_selection_refactor.TestBackendSelectionIntegration" name="test_cli_and_main_consistent_behavior_no_args" time="0.000" /><testcase classname="tests.test_backend_selection_refactor.TestBackendSelectionIntegration" name="test_cli_and_main_consistent_with_cli_arg" time="0.000" /><testcase classname="tests.test_cli" name="test_main_with_yaml" time="0.814" /><testcase classname="tests.test_cli" name="test_main_with_png" time="0.816" /><testcase classname="tests.test_cli_edge_cases" name="test_cli_rejects_non_series_index" time="0.002" /><testcase classname="tests.test_cli_edge_cases" name="test_cli_rejects_non_series_type" time="0.002" /><testcase classname="tests.test_cli_edge_cases" name="test_cli_suggest_sleeves_empty_exits" time="0.002" /><testcase classname="tests.test_cli_edge_cases" name="test_cli_suggest_sleeves_blank_selection_aborts" time="0.004" /><testcase classname="tests.test_cli_edge_cases" name="test_cli_suggest_sleeves_invalid_selection_aborts" time="0.003" /><testcase classname="tests.test_cli_edge_cases" name="test_cli_suggest_sleeves_out_of_range_aborts" time="0.003" /><testcase classname="tests.test_cli_edge_cases" name="test_cli_prev_manifest_invalid_json_is_ignored" time="0.003" /><testcase classname="tests.test_cli_edge_cases" name="test_cli_log_json_setup_warning" time="0.003" /><testcase classname="tests.test_cli_exception_handling" name="test_attribution_exception_handling_attribute_error" time="0.001" /><testcase classname="tests.test_cli_exception_handling" name="test_attribution_exception_handling_value_error" time="0.001" /><testcase classname="tests.test_cli_exception_handling" name="test_sensitivity_parameter_evaluation_value_error" time="0.001" /><testcase classname="tests.test_cli_exception_handling" name="test_sensitivity_parameter_evaluation_key_error" time="0.001" /><testcase classname="tests.test_cli_exception_handling" name="test_no_more_silent_failures" time="0.001" /><testcase classname="tests.test_cli_exception_handling" name="test_specific_exception_types_used" time="0.001" /><testcase classname="tests.test_cli_orchestrator_consistency" name="test_cli_and_orchestrator_draws_match" time="0.051" /><testcase classname="tests.test_cli_packet_diff" name="test_sweep_packet_passes_prev_diff" time="0.090" /><testcase classname="tests.test_cli_packet_diff" name="test_packet_includes_stress_delta" time="0.068" /><testcase classname="tests.test_cli_packet_diff" name="test_stress_delta_written_to_output_workbook" time="0.087" /><testcase classname="tests.test_cli_return_distribution" name="test_cli_overrides_return_distribution" time="0.021" /><testcase classname="tests.test_cli_sensitivity" name="test_sensitivity_flag_added" time="0.024" /><testcase classname="tests.test_cli_sensitivity" name="test_sensitivity_analysis_execution" time="0.025" /><testcase classname="tests.test_cli_sensitivity" name="test_sensitivity_sets_tornado_deltas" time="0.023" /><testcase classname="tests.test_cli_sensitivity" name="test_sensitivity_analysis_error_logging" time="0.021" /><testcase classname="tests.test_config" name="test_load_yaml" time="0.002" /><testcase classname="tests.test_config" name="test_load_yaml_with_generic_agents" time="0.003" /><testcase classname="tests.test_config" name="test_load_yaml_with_mixed_agents" time="0.002" /><testcase classname="tests.test_config" name="test_load_dict" time="0.000" /><testcase classname="tests.test_config" name="test_model_config_normalizes_share_percentages" time="0.000" /><testcase classname="tests.test_config" name="test_invalid_capital" time="0.002" /><testcase classname="tests.test_config" name="test_template_yaml_loads" time="0.005" /><testcase classname="tests.test_config" name="test_csv_to_yaml_conversion" time="0.025" /><testcase classname="tests.test_config" name="test_load_config_with_covariance_options" time="0.002" /><testcase classname="tests.test_config" name="test_model_config_rejects_out_of_bounds_correlations" time="0.001" /><testcase classname="tests.test_config_enhanced_validation.TestEnhancedConfigValidation" name="test_config_with_valid_params" time="0.000" /><testcase classname="tests.test_config_enhanced_validation.TestEnhancedConfigValidation" name="test_config_with_low_n_simulations_fails" time="0.001" /><testcase classname="tests.test_config_enhanced_validation.TestEnhancedConfigValidation" name="test_config_with_invalid_step_size_fails" time="0.000" /><testcase classname="tests.test_config_enhanced_validation.TestEnhancedConfigValidation" name="test_config_with_capital_exceeding_margin_limit" time="0.001" /><testcase classname="tests.test_config_validation_paths" name="test_financing_model_rejects_unknown_value" time="0.000" /><testcase classname="tests.test_config_validation_paths" name="test_financing_model_schedule_requires_path" time="0.000" /><testcase classname="tests.test_config_validation_paths" name="test_financing_schedule_path_resolves_relative" time="0.005" /><testcase classname="tests.test_config_validation_paths" name="test_backend_validation_rejects_unknown_backend" time="0.000" /><testcase classname="tests.test_config_validation_paths" name="test_analysis_mode_validation_rejects_unknown_mode" time="0.000" /><testcase classname="tests.test_config_validation_paths" name="test_share_weights_must_sum_to_one" time="0.000" /><testcase classname="tests.test_config_validation_paths" name="test_theta_extpa_bounds_validation" time="0.000" /><testcase classname="tests.test_config_validation_paths" name="test_share_inputs_normalize_percent_values" time="0.000" /><testcase classname="tests.test_config_validation_paths" name="test_share_inputs_accept_active_share_alias" time="0.000" /><testcase classname="tests.test_config_validation_paths" name="test_risk_metrics_must_include_shortfallprob" time="0.000" /><testcase classname="tests.test_config_validation_paths" name="test_load_config_raises_for_missing_file" time="0.001" /><testcase classname="tests.test_config_validation_paths" name="test_load_config_invalid_yaml_raises_config_error" time="0.001" /><testcase classname="tests.test_config_validation_paths" name="test_load_config_missing_required_field_raises_value_error" time="0.000" /><testcase classname="tests.test_console" name="test_print_summary" time="0.002" /><testcase classname="tests.test_contracts" name="test_validate_run_directory_happy_path" time="0.001" /><testcase classname="tests.test_contracts" name="test_validate_run_directory_missing_log" time="0.001" /><testcase classname="tests.test_contracts" name="test_manifest_contract_fields" time="0.003" /><testcase classname="tests.test_contracts" name="test_manifest_path_for_output" time="0.000" /><testcase classname="tests.test_contracts" name="test_manifest_path_from_run_end" time="0.001" /><testcase classname="tests.test_contracts" name="test_summary_contract_matches_summary_table" time="0.002" /><testcase classname="tests.test_covariance_psd" name="test_build_cov_matrix_psd_projection" time="0.001" /><testcase classname="tests.test_covariance_psd" name="test_build_cov_matrix_invalid_rho" time="0.000" /><testcase classname="tests.test_covariance_psd" name="test_build_cov_matrix_ledoit_wolf_shrinkage" time="0.000" /><testcase classname="tests.test_covariance_psd" name="test_short_sample_shrinkage_limits_psd_adjustment" time="0.001" /><testcase classname="tests.test_create_launchers" name="test_make_launchers" time="0.001" /><testcase classname="tests.test_cross_platform_temp_paths" name="test_tempfile_uses_platform_appropriate_directory" time="0.000" /><testcase classname="tests.test_cross_platform_temp_paths" name="test_temp_paths_work_on_different_platforms[win32]" time="0.001" /><testcase classname="tests.test_cross_platform_temp_paths" name="test_temp_paths_work_on_different_platforms[linux]" time="0.001" /><testcase classname="tests.test_cross_platform_temp_paths" name="test_temp_paths_work_on_different_platforms[darwin]" time="0.001" /><testcase classname="tests.test_cross_platform_temp_paths" name="test_make_portable_zip_security_tests_use_tmp_path_fixture" time="0.003" /><testcase classname="tests.test_cross_platform_temp_paths" name="test_ast_tmp_path_detection_function" time="0.002" /><testcase classname="tests.test_cross_platform_temp_paths" name="test_ast_function_handles_invalid_files" time="0.001" /><testcase classname="tests.test_dashboard" name="test_apply_theme" time="0.003" /><testcase classname="tests.test_dashboard_app_helpers" name="test_load_paths_sidecar_csv_fallback" time="0.001" /><testcase classname="tests.test_dashboard_app_helpers" name="test_load_paths_sidecar_parquet_importerror_shows_hint" time="0.001" /><testcase classname="tests.test_dashboard_app_helpers" name="test_load_paths_sidecar_excel_fallback" time="0.001" /><testcase classname="tests.test_dashboard_app_helpers" name="test_get_plot_fn_returns_callable" time="0.000" /><testcase classname="tests.test_dashboard_app_helpers" name="test_save_history_falls_back_to_csv_on_parquet_error" time="0.001" /><testcase classname="tests.test_dashboard_app_helpers" name="test_load_history_uses_csv_when_parquet_unavailable" time="0.003" /><testcase classname="tests.test_dashboard_asset_library" name="test_asset_library_calibration" time="0.164" /><testcase classname="tests.test_dashboard_cli" name="test_dashboard_cli_runs_streamlit" time="0.001" /><testcase classname="tests.test_dashboard_error_handling" name="test_dashboard_error_handling_filenotfound" time="0.001" /><testcase classname="tests.test_dashboard_error_handling" name="test_dashboard_error_handling_calledprocesserror" time="0.001" /><testcase classname="tests.test_dashboard_error_handling" name="test_dashboard_error_handling_general_exception" time="0.001" /><testcase classname="tests.test_dashboard_pages" name="test_pages_import" time="0.017" /><testcase classname="tests.test_dashboard_run_history" name="test_load_history" time="0.017" /><testcase classname="tests.test_dashboard_run_history" name="test_load_history_csv_fallback" time="0.004" /><testcase classname="tests.test_dashboard_run_history" name="test_save_history_writes_csv_on_parquet_importerror" time="0.001" /><testcase classname="tests.test_dashboard_run_history" name="test_save_history_writes_csv_with_parquet_success" time="0.001" /><testcase classname="tests.test_dashboard_run_logs_page" name="test_run_logs_no_runs_directory" time="0.002" /><testcase classname="tests.test_dashboard_run_logs_page" name="test_run_logs_no_run_ids" time="0.002" /><testcase classname="tests.test_dashboard_run_logs_page" name="test_run_logs_with_log_and_manifest" time="0.002" /><testcase classname="tests.test_dashboard_run_logs_page" name="test_run_logs_missing_log_and_manifest" time="0.002" /><testcase classname="tests.test_dashboard_utils" name="test_normalize_share_handles_percent_values" time="0.000" /><testcase classname="tests.test_dashboard_utils" name="test_normalize_share_preserves_fraction_values" time="0.000" /><testcase classname="tests.test_dashboard_utils" name="test_normalize_share_handles_none" time="0.000" /><testcase classname="tests.test_dashboard_utils" name="test_build_alpha_shares_payload_normalizes_values" time="0.000" /><testcase classname="tests.test_dashboard_utils" name="test_build_alpha_shares_payload_handles_none" time="0.000" /><testcase classname="tests.test_dashboard_utils" name="test_make_grid_cache_key_stable" time="0.001" /><testcase classname="tests.test_dashboard_utils" name="test_make_grid_cache_key_changes_with_axis" time="0.001" /><testcase classname="tests.test_dashboard_utils" name="test_bump_session_token_increments_int_values" time="0.000" /><testcase classname="tests.test_dashboard_utils" name="test_bump_session_token_resets_invalid_values" time="0.000" /><testcase classname="tests.test_dashboard_utils" name="test_apply_promoted_alpha_shares_triggers_rerun_on_new_token" time="0.000" /><testcase classname="tests.test_dashboard_utils" name="test_apply_promoted_alpha_shares_skips_when_unchanged" time="0.000" /><testcase classname="tests.test_dashboard_validation_ui" name="test_display_validation_results_empty" time="0.000" /><testcase classname="tests.test_dashboard_validation_ui" name="test_display_validation_results_mixed" time="0.000" /><testcase classname="tests.test_dashboard_validation_ui" name="test_create_validation_sidebar_returns_values" time="0.000" /><testcase classname="tests.test_dashboard_validation_ui" name="test_validate_scenario_config_filters_warnings" time="0.000" /><testcase classname="tests.test_dashboard_validation_ui" name="test_display_psd_projection_info_branches" time="0.000" /><testcase classname="tests.test_dashboard_validation_ui" name="test_create_margin_buffer_display_branches" time="0.000" /><testcase classname="tests.test_dashboard_validation_ui" name="test_validation_status_indicator" time="0.000" /><testcase classname="tests.test_data_calibration" name="test_calibration_wide_csv" time="0.011" /><testcase classname="tests.test_data_calibration" name="test_import_long_equals_wide" time="0.011" /><testcase classname="tests.test_data_calibration" name="test_calibration_to_yaml" time="0.012" /><testcase classname="tests.test_data_calibration" name="test_import_daily_prices_to_monthly_returns" time="0.039" /><testcase classname="tests.test_data_calibration" name="test_import_daily_prices_monthly_rule_ms" time="0.013" /><testcase classname="tests.test_data_calibration" name="test_import_daily_returns_to_monthly_returns" time="0.011" /><testcase classname="tests.test_data_calibration" name="test_import_daily_returns_monthly_rule_ms" time="0.011" /><testcase classname="tests.test_data_calibration" name="test_import_min_obs_enforced" time="0.007" /><testcase classname="tests.test_data_calibration" name="test_import_min_obs_validation_scenarios[10-12-True]" time="0.007" /><testcase classname="tests.test_data_calibration" name="test_import_min_obs_validation_scenarios[15-12-False]" time="0.007" /><testcase classname="tests.test_data_calibration" name="test_import_min_obs_validation_scenarios[12-12-False]" time="0.007" /><testcase classname="tests.test_data_calibration" name="test_import_min_obs_validation_scenarios[5-3-False]" time="0.007" /><testcase classname="tests.test_data_calibration" name="test_import_duplicate_dates_fail" time="0.006" /><testcase classname="tests.test_data_calibration" name="test_calibration_ledoit_wolf_shrinkage_psd" time="0.004" /><testcase classname="tests.test_data_calibration" name="test_calibration_ledoit_wolf_short_sample_boosts_shrinkage" time="0.004" /><testcase classname="tests.test_data_calibration" name="test_calibration_two_state_vol_regime_high" time="0.004" /><testcase classname="tests.test_data_calibration" name="test_calibration_two_state_vol_regime_low" time="0.004" /><testcase classname="tests.test_data_calibration" name="test_import_date_validation_scenarios[date_sequence0-True]" time="0.007" /><testcase classname="tests.test_data_calibration" name="test_import_date_validation_scenarios[date_sequence1-False]" time="0.007" /><testcase classname="tests.test_data_calibration" name="test_import_date_validation_scenarios[date_sequence2-False]" time="0.007" /><testcase classname="tests.test_data_calibration" name="test_daily_to_monthly_robust_frequency_handling" time="0.011" /><testcase classname="tests.test_data_loading_validation" name="test_load_index_returns_with_malformed_data" time="0.001" /><testcase classname="tests.test_data_loading_validation" name="test_load_index_returns_with_empty_data" time="0.001" /><testcase classname="tests.test_data_loading_validation" name="test_load_index_returns_with_text_in_numeric_columns" time="0.001" /><testcase classname="tests.test_data_loading_validation" name="test_load_index_returns_prefers_monthly_tr_column" time="0.001" /><testcase classname="tests.test_data_loading_validation" name="test_load_index_returns_prefers_return_column" time="0.001" /><testcase classname="tests.test_data_loading_validation" name="test_load_index_returns_falls_back_to_second_column" time="0.002" /><testcase classname="tests.test_data_loading_validation" name="test_load_index_returns_falls_back_to_single_column" time="0.001" /><testcase classname="tests.test_data_loading_validation" name="test_load_index_returns_with_no_numeric_columns" time="0.001" /><testcase classname="tests.test_data_loading_validation" name="test_breach_calendar_with_non_numeric_data" time="0.004" /><testcase classname="tests.test_data_loading_validation" name="test_rolling_panel_with_malformed_data" time="0.028" /><testcase classname="tests.test_dataframe_optimization" name="test_sweep_results_to_dataframe_empty" time="0.001" /><testcase classname="tests.test_dataframe_optimization" name="test_sweep_results_to_dataframe_with_data" time="0.002" /><testcase classname="tests.test_dataframe_optimization" name="test_empty_dataframe_performance" time="0.011" /><testcase classname="tests.test_dependency_injection" name="test_dependencies_with_default_imports" time="0.000" /><testcase classname="tests.test_dependency_injection" name="test_dependencies_with_explicit_functions" time="0.001" /><testcase classname="tests.test_dependency_injection" name="test_dependencies_mixed_default_and_explicit" time="0.000" /><testcase classname="tests.test_dependency_injection" name="test_improved_testability_example" time="0.000" /><testcase classname="tests.test_entrypoints" name="test_pa_validate_entrypoint" time="0.001" /><testcase classname="tests.test_entrypoints" name="test_pa_convert_entrypoint" time="0.001" /><testcase classname="tests.test_entrypoints" name="test_pa_entrypoint" time="0.001" /><testcase classname="tests.test_entrypoints" name="test_console_scripts_present_and_resolve" time="0.001" /><testcase classname="tests.test_entrypoints" name="test_console_scripts_installed_metadata" time="0.001" /><testcase classname="tests.test_entrypoints" name="test_console_scripts_work_in_clean_venv" time="5.174" /><testcase classname="tests.test_export_packet" name="test_export_packet_creates_files" time="0.048" /><testcase classname="tests.test_export_packet" name="test_export_packet_with_alt_text" time="0.037" /><testcase classname="tests.test_export_packet" name="test_export_packet_handles_empty_data" time="0.031" /><testcase classname="tests.test_export_packet" name="test_export_packet_diff_appendix" time="0.072" /><testcase classname="tests.test_export_packet" name="test_export_packet_includes_stress_delta" time="0.065" /><testcase classname="tests.test_export_packet" name="test_empty_dataframe_caching" time="0.000" /><testcase classname="tests.test_export_packet" name="test_no_function_attribute_caching_antipattern" time="0.000" /><testcase classname="tests.test_export_packet" name="test_export_packet_manifest_details" time="0.047" /><testcase classname="tests.test_field_mappings" name="test_get_field_mappings" time="0.000" /><testcase classname="tests.test_field_mappings" name="test_field_mappings_consistency" time="0.000" /><testcase classname="tests.test_field_mappings" name="test_csv_conversion_with_field_mappings" time="0.002" /><testcase classname="tests.test_field_mappings" name="test_legacy_compatibility" time="0.000" /><testcase classname="tests.test_field_mappings" name="test_alias_compatibility" time="0.000" /><testcase classname="tests.test_glossary" name="test_glossary_terms_present" time="0.000" /><testcase classname="tests.test_glossary" name="test_tooltip_lookup_case_insensitive" time="0.000" /><testcase classname="tests.test_import_templates" name="test_template_roundtrip_csv" time="0.015" /><testcase classname="tests.test_import_templates" name="test_template_roundtrip_excel" time="0.031" /><testcase classname="tests.test_import_templates" name="test_templates_across_formats_produce_identical_results" time="0.025" /><testcase classname="tests.test_importer_parsing_options" name="test_csv_decimal_and_thousands_prices" time="0.009" /><testcase classname="tests.test_importer_parsing_options" name="test_excel_sheet_selection_with_template" time="0.027" /><testcase classname="tests.test_importer_parsing_options" name="test_custom_na_values_dropped" time="0.006" /><testcase classname="tests.test_importer_parsing_options" name="test_no_valid_data_after_parsing_raises" time="0.005" /><testcase classname="tests.test_index_data_frequency" name="test_sp500tr_csv_is_monthly_returns" time="0.003" /><testcase classname="tests.test_integration_regressions" name="test_integration_regression_active_ext_financing_export" time="0.482" /><testcase classname="tests.test_log_json" name="test_log_json_creates_file_and_manifest" time="0.820" /><testcase classname="tests.test_logging_and_manifest" name="test_json_formatter_outputs_valid_json_line" time="0.001" /><testcase classname="tests.test_logging_and_manifest" name="test_manifest_includes_backend_and_optional_run_log" time="0.003" /><testcase classname="tests.test_low_buffer_threshold" name="test_low_buffer_threshold_constant_defined" time="0.000" /><testcase classname="tests.test_low_buffer_threshold" name="test_risk_return_uses_constant" time="0.020" /><testcase classname="tests.test_low_buffer_threshold" name="test_beta_scatter_uses_constant" time="0.005" /><testcase classname="tests.test_low_buffer_threshold" name="test_breach_calendar_uses_constant" time="0.004" /><testcase classname="tests.test_low_buffer_threshold" name="test_te_cvar_scatter_uses_constant" time="0.005" /><testcase classname="tests.test_low_buffer_threshold" name="test_risk_return_bubble_uses_constant" time="0.005" /><testcase classname="tests.test_main" name="test_main_applies_overrides_and_exports" time="0.002" /><testcase classname="tests.test_make_portable_zip_security" name="test_build_windows_portable_zip_uses_subprocess_not_os_system" time="0.005" /><testcase classname="tests.test_make_portable_zip_security" name="test_subprocess_calls_prevent_command_injection" time="0.002" /><testcase classname="tests.test_make_portable_zip_security" name="test_error_handling_in_subprocess_calls" time="0.003" /><testcase classname="tests.test_make_portable_zip_security" name="test_no_os_system_imports" time="0.001" /><testcase classname="tests.test_manifest" name="test_manifest_written" time="0.008" /><testcase classname="tests.test_manifest" name="test_manifest_records_run_log" time="0.008" /><testcase classname="tests.test_manifest" name="test_manifest_records_previous_run" time="0.016" /><testcase classname="tests.test_metrics" name="test_active_return_volatility_constant_series" time="0.000" /><testcase classname="tests.test_metrics" name="test_value_at_risk_constant_series" time="0.000" /><testcase classname="tests.test_metrics" name="test_value_at_risk_extreme" time="0.000" /><testcase classname="tests.test_metrics" name="test_metrics_shape_mismatch" time="0.000" /><testcase classname="tests.test_metrics" name="test_compound_and_summary" time="0.001" /><testcase classname="tests.test_metrics" name="test_summary_table_adds_total_when_benchmark_present" time="0.004" /><testcase classname="tests.test_metrics" name="test_conditional_value_at_risk_monotonic" time="0.000" /><testcase classname="tests.test_metrics" name="test_max_cumulative_sum_drawdown_basic" time="0.000" /><testcase classname="tests.test_metrics" name="test_max_cumulative_sum_drawdown_compounded_path" time="0.000" /><testcase classname="tests.test_metrics" name="test_max_drawdown_uses_compounded_path" time="0.000" /><testcase classname="tests.test_metrics" name="test_max_cumulative_sum_drawdown_initial_drop" time="0.000" /><testcase classname="tests.test_metrics" name="test_compounded_return_below_zero_fraction_basic" time="0.000" /><testcase classname="tests.test_metrics" name="test_breach_count_basic" time="0.000" /><testcase classname="tests.test_metrics" name="test_breach_probability_basic" time="0.000" /><testcase classname="tests.test_metrics" name="test_breach_probability_modes_multi_path" time="0.000" /><testcase classname="tests.test_metrics" name="test_breach_probability_single_path" time="0.000" /><testcase classname="tests.test_metrics" name="test_breach_probability_modes_single_path" time="0.000" /><testcase classname="tests.test_metrics" name="test_breach_probability_ignores_path_argument" time="0.000" /><testcase classname="tests.test_metrics" name="test_summary_table_breach" time="0.001" /><testcase classname="tests.test_metrics" name="test_summary_table_breach_custom" time="0.001" /><testcase classname="tests.test_metrics" name="test_breach_probability_path_order_invariant" time="0.000" /><testcase classname="tests.test_metrics" name="test_breach_probability_reproducible_seed" time="0.000" /><testcase classname="tests.test_metrics" name="test_breach_probability_empty_input" time="0.000" /><testcase classname="tests.test_metrics" name="test_breach_probability_invalid_mode" time="0.000" /><testcase classname="tests.test_metrics" name="test_summary_table_includes_new_metrics" time="0.001" /><testcase classname="tests.test_metrics" name="test_terminal_return_below_threshold_prob_basic" time="0.000" /><testcase classname="tests.test_metrics" name="test_terminal_return_below_threshold_prob_rolling_window" time="0.000" /><testcase classname="tests.test_metrics" name="test_terminal_return_below_threshold_prob_horizon_threshold" time="0.000" /><testcase classname="tests.test_metrics" name="test_terminal_return_below_threshold_prob_empty_input" time="0.000" /><testcase classname="tests.test_metrics" name="test_active_return_volatility_annualised" time="0.000" /><testcase classname="tests.test_metrics" name="test_summary_table_shortfall" time="0.001" /><testcase classname="tests.test_metrics" name="test_deprecated_metric_aliases_warn" time="0.001" /><testcase classname="tests.test_nearest_psd" name="test_nearest_psd_makes_matrix_psd" time="0.001" /><testcase classname="tests.test_nearest_psd" name="test_nearest_psd_leaves_psd_matrix_unchanged" time="0.000" /><testcase classname="tests.test_num_val_fix" name="test_convert_csv_to_yaml_with_undefined_num_val_conditions" time="0.003" /><testcase classname="tests.test_num_val_fix" name="test_convert_csv_to_yaml_percentage_conversion" time="0.001" /><testcase classname="tests.test_orchestrator" name="test_orchestrator_runs_with_valid_config" time="0.003" /><testcase classname="tests.test_orchestrator" name="test_orchestrator_reproducible_seed" time="0.005" /><testcase classname="tests.test_orchestrator" name="test_te_scales_with_margin_when_no_alpha_allocation" time="0.003" /><testcase classname="tests.test_orchestrator" name="test_invalid_share_configurations_raise_error[0.7-0.4-must sum to 1]" time="0.001" /><testcase classname="tests.test_orchestrator" name="test_invalid_share_configurations_raise_error[0.3-0.5-must sum to 1]" time="0.001" /><testcase classname="tests.test_orchestrator" name="test_invalid_share_configurations_raise_error[1.1-0.0-must be between 0 and 1]" time="0.001" /><testcase classname="tests.test_orchestrator" name="test_invalid_share_configurations_raise_error[0.0-1.1-must be between 0 and 1]" time="0.001" /><testcase classname="tests.test_orchestrator_sweep_covariance" name="test_orchestrator_and_sweep_use_covariance_implied_params" time="0.003" /><testcase classname="tests.test_outputs" name="test_shortfallprob_present" time="0.023" /><testcase classname="tests.test_pa_calibrate_cli" name="test_pa_calibrate_two_state_vol_regime" time="0.014" /><testcase classname="tests.test_pa_calibrate_cli" name="test_pa_calibrate_mapping_vol_regime" time="0.014" /><testcase classname="tests.test_pa_calibrate_cli" name="test_pa_calibrate_mapping_cov_shrinkage" time="0.016" /><testcase classname="tests.test_pa_cli_validate" name="test_pa_validate" time="0.004" /><testcase classname="tests.test_pa_cli_validate" name="test_pa_validate_fail" time="0.003" /><testcase classname="tests.test_pa_cli_validate" name="test_pa_validate_config" time="0.003" /><testcase classname="tests.test_pa_cli_validate" name="test_pa_validate_config_fail" time="0.003" /><testcase classname="tests.test_pa_core_main" name="test_main_applies_overrides_and_exports" time="0.001" /><testcase classname="tests.test_pa_core_main" name="test_main_without_overrides" time="0.001" /><testcase classname="tests.test_pa_core_main" name="test_main_rejects_invalid_vol_regime" time="0.001" /><testcase classname="tests.test_plugin_registry" name="test_register_agent_allows_construction" time="0.000" /><testcase classname="tests.test_plugin_registry" name="test_register_metric_included_in_summary" time="0.001" /><testcase classname="tests.test_portable_zip" name="test_should_exclude_basic_patterns" time="0.003" /><testcase classname="tests.test_portable_zip" name="test_create_filtered_zip_includes_and_excludes" time="0.002" /><testcase classname="tests.test_portfolio" name="test_compute_total_contribution_returns_excludes_base_and_total" time="0.000" /><testcase classname="tests.test_portfolio" name="test_compute_total_contribution_returns_none_when_empty" time="0.000" /><testcase classname="tests.test_portfolio" name="test_portfolio_is_package_namespace" time="0.000" /><testcase classname="tests.test_portfolio" name="test_portfolio_module_is_removed" time="0.000" /><testcase classname="tests.test_portfolio" name="test_portfolio_exports_defaults" time="0.000" /><testcase classname="tests.test_portfolio_aggregator" name="test_aggregator_single_and_cross" time="0.000" /><testcase classname="tests.test_portfolio_builder_page" name="test_portfolio_builder_promoted_values_trigger_rerun" time="0.002" /><testcase classname="tests.test_portfolio_builder_page" name="test_portfolio_builder_requires_upload" time="0.001" /><testcase classname="tests.test_portfolio_builder_page" name="test_portfolio_builder_empty_assets_warns" time="0.002" /><testcase classname="tests.test_portfolio_builder_page" name="test_portfolio_builder_zero_weights_warns" time="0.002" /><testcase classname="tests.test_portfolio_builder_page" name="test_portfolio_builder_autorun_generates_download" time="0.002" /><testcase classname="tests.test_preset_library" name="test_preset_library_crud" time="0.001" /><testcase classname="tests.test_preset_library" name="test_preset_import_export" time="0.002" /><testcase classname="tests.test_preset_library" name="test_load_yaml_str_duplicate_validation" time="0.001" /><testcase classname="tests.test_preset_library" name="test_load_yaml_str_id_mismatch_validation" time="0.001" /><testcase classname="tests.test_preset_library" name="test_load_json_str_duplicate_validation" time="0.000" /><testcase classname="tests.test_preset_library" name="test_load_json_str_add_method_duplicate_validation" time="0.000" /><testcase classname="tests.test_preset_library" name="test_load_json_str_id_mismatch_validation" time="0.000" /><testcase classname="tests.test_property" name="test_simulate_financing_shapes" time="0.315" /><testcase classname="tests.test_property" name="test_base_agent_property" time="0.647" /><testcase classname="tests.test_property" name="test_external_pa_agent_property" time="0.549" /><testcase classname="tests.test_property" name="test_active_ext_agent_property" time="0.624" /><testcase classname="tests.test_property" name="test_internal_beta_agent_property" time="0.743" /><testcase classname="tests.test_property" name="test_internal_pa_agent_property" time="0.576" /><testcase classname="tests.test_quantile_band_constants.TestQuantileBandConstants" name="test_default_lower_quantile_constant_defined" time="0.000" /><testcase classname="tests.test_quantile_band_constants.TestQuantileBandConstants" name="test_default_upper_quantile_constant_defined" time="0.000" /><testcase classname="tests.test_quantile_band_constants.TestQuantileBandConstants" name="test_constants_create_80_percent_confidence_interval" time="0.000" /><testcase classname="tests.test_quantile_band_constants.TestQuantileBandConstants" name="test_quantile_band_uses_default_constants" time="0.006" /><testcase classname="tests.test_quantile_band_constants.TestQuantileBandConstants" name="test_quantile_band_accepts_custom_quantiles" time="0.005" /><testcase classname="tests.test_quantile_band_constants.TestQuantileBandConstants" name="test_constant_values_are_valid_quantiles" time="0.000" /><testcase classname="tests.test_quantile_band_constants.TestQuantileBandConstants" name="test_constants_match_documented_tolerance" time="0.000" /><testcase classname="tests.test_quantile_band_constants.TestQuantileBandConstants" name="test_constants_used_in_function_signature" time="0.000" /><testcase classname="tests.test_random_utils" name="test_spawn_rngs_reproducible" time="0.001" /><testcase classname="tests.test_random_utils" name="test_spawn_rngs_independent" time="0.000" /><testcase classname="tests.test_random_utils" name="test_spawn_rngs_none_seed" time="0.000" /><testcase classname="tests.test_random_utils" name="test_spawn_agent_rngs_reproducible" time="0.001" /><testcase classname="tests.test_random_utils" name="test_spawn_agent_rngs_error" time="0.000" /><testcase classname="tests.test_random_utils" name="test_spawn_agent_rngs_duplicate_names_error" time="0.000" /><testcase classname="tests.test_random_utils" name="test_spawn_rngs_invalid_n_error" time="0.000" /><testcase classname="tests.test_reporting" name="test_export_to_excel_sheets" time="0.023" /><testcase classname="tests.test_reporting" name="test_export_to_excel_pivot" time="0.030" /><testcase classname="tests.test_reporting" name="test_export_to_excel_adds_attribution_and_risk_sheets" time="0.040" /><testcase classname="tests.test_reporting_console" name="test_print_summary_with_mapping" time="0.000" /><testcase classname="tests.test_reporting_console" name="test_print_summary_with_dataframe" time="0.001" /><testcase classname="tests.test_reporting_console" name="test_print_run_diff_with_data" time="0.003" /><testcase classname="tests.test_reporting_console" name="test_print_run_diff_no_changes" time="0.001" /><testcase classname="tests.test_reporting_exports" name="test_export_sweep_results_writes_summary_and_run_sheet" time="0.020" /><testcase classname="tests.test_reporting_exports" name="test_export_sweep_results_writes_summary_when_empty" time="0.017" /><testcase classname="tests.test_reporting_exports" name="test_create_export_packet_writes_files_and_manifest_slide" time="0.044" /><testcase classname="tests.test_reporting_exports" name="test_create_export_packet_adds_tornado_slide" time="0.067" /><testcase classname="tests.test_reporting_exports" name="test_export_to_excel_includes_tornado_snapshot" time="0.040" /><testcase classname="tests.test_reporting_exports" name="test_export_to_excel_includes_sunburst_snapshot" time="0.040" /><testcase classname="tests.test_reporting_run_diff" name="test_build_run_diff_config_and_metrics" time="0.004" /><testcase classname="tests.test_reporting_run_diff" name="test_build_run_diff_handles_empty_summaries" time="0.001" /><testcase classname="tests.test_reporting_run_diff" name="test_build_run_diff_aligns_by_agent" time="0.003" /><testcase classname="tests.test_reporting_run_diff" name="test_build_run_diff_aligns_by_combination_and_agent" time="0.003" /><testcase classname="tests.test_reporting_run_diff" name="test_build_run_diff_handles_object_numeric_columns" time="0.003" /><testcase classname="tests.test_reporting_run_diff" name="test_build_run_diff_parses_percent_strings" time="0.004" /><testcase classname="tests.test_reporting_run_diff" name="test_build_run_diff_handles_numeric_string_config" time="0.001" /><testcase classname="tests.test_return_distributions" name="test_draw_joint_returns_variance_matches_sigma" time="0.013" /><testcase classname="tests.test_return_distributions" name="test_simulate_alpha_streams_supports_student_t" time="0.001" /><testcase classname="tests.test_return_distributions" name="test_student_t_cvar_more_extreme_than_normal" time="0.017" /><testcase classname="tests.test_return_distributions" name="test_draw_joint_returns_allows_per_series_distributions" time="0.016" /><testcase classname="tests.test_return_distributions" name="test_prepare_mc_universe_supports_per_series_student_t" time="0.012" /><testcase classname="tests.test_return_distributions" name="test_draw_joint_returns_matches_prepared_shocks" time="0.002" /><testcase classname="tests.test_risk_metrics_agent" name="test_risk_metrics_agent_matches_individual_functions" time="0.001" /><testcase classname="tests.test_risk_metrics_agent" name="test_risk_metrics_agent_scaling_behavior[1.5]" time="0.001" /><testcase classname="tests.test_risk_metrics_agent" name="test_risk_metrics_agent_scaling_behavior[2.0]" time="0.001" /><testcase classname="tests.test_risk_metrics_agent" name="test_risk_metrics_agent_scaling_behavior[3.0]" time="0.001" /><testcase classname="tests.test_risk_metrics_agent" name="test_risk_metrics_agent_different_data_sizes[returns_shape0-normal]" time="0.001" /><testcase classname="tests.test_risk_metrics_agent" name="test_risk_metrics_agent_different_data_sizes[returns_shape1-normal]" time="0.002" /><testcase classname="tests.test_risk_metrics_agent" name="test_risk_metrics_agent_different_data_sizes[returns_shape2-normal]" time="0.001" /><testcase classname="tests.test_run_flags" name="test_run_flags_defaults" time="0.000" /><testcase classname="tests.test_run_flags" name="test_run_flags_custom_values" time="0.000" /><testcase classname="tests.test_safe_to_numpy" name="test_safe_to_numpy_with_valid_series" time="0.001" /><testcase classname="tests.test_safe_to_numpy" name="test_safe_to_numpy_with_valid_dataframe" time="0.001" /><testcase classname="tests.test_safe_to_numpy" name="test_safe_to_numpy_with_nan_values" time="0.001" /><testcase classname="tests.test_safe_to_numpy" name="test_safe_to_numpy_with_mixed_types" time="0.001" /><testcase classname="tests.test_safe_to_numpy" name="test_safe_to_numpy_with_custom_fillna_value" time="0.001" /><testcase classname="tests.test_safe_to_numpy" name="test_safe_to_numpy_empty_series" time="0.001" /><testcase classname="tests.test_safe_to_numpy" name="test_safe_to_numpy_all_nan_series" time="0.001" /><testcase classname="tests.test_scenario_grid" name="test_get_empty_dataframe_cached" time="0.005" /><testcase classname="tests.test_scenario_grid" name="test_grid_cache_round_trip_and_eviction" time="0.005" /><testcase classname="tests.test_scenario_grid" name="test_extract_plotly_click" time="0.004" /><testcase classname="tests.test_scenario_grid" name="test_read_csv_from_bytes" time="0.005" /><testcase classname="tests.test_schema" name="test_roundtrip" time="0.004" /><testcase classname="tests.test_schema" name="test_bad_portfolio_weights" time="0.000" /><testcase classname="tests.test_schema" name="test_missing_rho" time="0.000" /><testcase classname="tests.test_schema" name="test_duplicate_correlations" time="0.001" /><testcase classname="tests.test_schema" name="test_sleeve_capital_share_sum" time="0.000" /><testcase classname="tests.test_schema" name="test_sleeve_share_bounds" time="0.000" /><testcase classname="tests.test_schema" name="test_sleeve_share_normalization" time="0.000" /><testcase classname="tests.test_schema" name="test_duplicate_asset_ids" time="0.000" /><testcase classname="tests.test_schema" name="test_duplicate_portfolio_ids" time="0.001" /><testcase classname="tests.test_schema" name="test_portfolio_unknown_asset" time="0.001" /><testcase classname="tests.test_schema" name="test_extra_correlations" time="0.001" /><testcase classname="tests.test_sensitivity" name="test_one_factor_deltas" time="0.002" /><testcase classname="tests.test_sensitivity" name="test_one_factor_deltas_with_ann_return" time="0.002" /><testcase classname="tests.test_sensitivity" name="test_one_factor_deltas_orders_ties" time="0.002" /><testcase classname="tests.test_sensitivity" name="test_one_factor_deltas_missing_column" time="0.001" /><testcase classname="tests.test_simulations" name="test_build_cov_matrix_shape" time="0.001" /><testcase classname="tests.test_simulations" name="test_simulate_financing_shape" time="0.001" /><testcase classname="tests.test_simulations" name="test_build_cov_matrix_near_singular" time="0.001" /><testcase classname="tests.test_simulations" name="test_simulate_financing_spikes" time="0.000" /><testcase classname="tests.test_simulations" name="test_simulate_financing_varies_with_sigma" time="0.001" /><testcase classname="tests.test_simulations" name="test_simulate_financing_spike_shift" time="0.001" /><testcase classname="tests.test_simulations" name="test_simulate_agents_vectorised" time="0.000" /><testcase classname="tests.test_simulations" name="test_total_returns_sum_weighted_sleeves" time="0.000" /><testcase classname="tests.test_simulations" name="test_draw_financing_series_broadcasts_monthly_vector" time="0.001" /><testcase classname="tests.test_simulations" name="test_draw_financing_series_rngs" time="0.001" /><testcase classname="tests.test_sleeve_suggestor" name="test_suggest_sleeve_sizes_returns_feasible" time="0.030" /><testcase classname="tests.test_sleeve_suggestor" name="test_suggest_sleeve_sizes_respects_bounds" time="0.030" /><testcase classname="tests.test_sleeve_suggestor" name="test_cli_sleeve_suggestion" time="0.879" /><testcase classname="tests.test_sleeve_suggestor" name="test_cli_sleeve_suggestion_auto_apply" time="0.879" /><testcase classname="tests.test_sleeve_suggestor" name="test_cli_sleeve_suggestion_applies_to_inputs" time="0.034" /><testcase classname="tests.test_sleeve_suggestor" name="test_suggest_sleeve_sizes_total_constraints" time="0.013" /><testcase classname="tests.test_sleeve_suggestor" name="test_suggest_sleeve_sizes_caps_max_evals" time="0.005" /><testcase classname="tests.test_sleeve_suggestor" name="test_suggest_sleeve_sizes_skips_invalid_metrics" time="0.004" /><testcase classname="tests.test_sleeve_suggestor" name="test_sleeve_suggestor_matches_cli_summary" time="0.067" /><testcase classname="tests.test_stress_delta" name="test_build_delta_table_includes_total_row" time="0.003" /><testcase classname="tests.test_stress_delta" name="test_build_stress_workbook_contains_expected_sheets" time="0.017" /><testcase classname="tests.test_stress_delta" name="test_format_delta_table_text_adds_signs" time="0.001" /><testcase classname="tests.test_stress_lab" name="test_config_diff_function" time="0.001" /><testcase classname="tests.test_stress_lab" name="test_config_diff_with_stress_preset" time="0.001" /><testcase classname="tests.test_stress_lab" name="test_config_diff_empty_when_identical" time="0.001" /><testcase classname="tests.test_stress_lab" name="test_config_diff_detects_all_key_differences" time="0.001" /><testcase classname="tests.test_stress_presets" name="test_liquidity_squeeze_overrides_financing" time="0.000" /><testcase classname="tests.test_stress_presets" name="test_2008_vol_regime_triples_vol" time="0.000" /><testcase classname="tests.test_stress_presets" name="test_invalid_preset_raises" time="0.000" /><testcase classname="tests.test_stress_presets" name="test_label_alias_resolves" time="0.000" /><testcase classname="tests.test_stress_presets" name="test_correlation_breakdown_overrides_rhos" time="0.000" /><testcase classname="tests.test_stress_presets" name="test_2020_gap_day_overrides_returns" time="0.000" /><testcase classname="tests.test_sweep_cache" name="test_cached_sweep_deterministic" time="0.627" /><testcase classname="tests.test_sweep_cache" name="test_cached_sweep_progress_callback_invoked" time="0.523" /><testcase classname="tests.test_sweep_common_random_numbers" name="test_duplicate_combinations_share_random_draws" time="0.011" /><testcase classname="tests.test_sweep_common_random_numbers" name="test_duplicate_combinations_share_random_draws_with_seed" time="0.010" /><testcase classname="tests.test_sweep_reproducibility" name="test_sweep_reproducible_with_master_seed" time="0.016" /><testcase classname="tests.test_sweep_reproducibility" name="test_sweep_seed_resets_rng_state" time="0.016" /><testcase classname="tests.test_tempfile_security_fix" name="test_load_index_returns_leaves_no_temp_files" time="0.002" /><testcase classname="tests.test_tempfile_security_fix" name="test_csv_to_yaml_conversion_leaves_no_temp_files" time="0.001" /><testcase classname="tests.test_tempfile_security_fix" name="test_temp_files_auto_cleanup_on_exception" time="0.001" /><testcase classname="tests.test_tempfile_security_fix" name="test_no_delete_false_in_codebase" time="0.001" /><testcase classname="tests.test_tornado_viz" name="test_tornado_chart" time="0.007" /><testcase classname="tests.test_tornado_viz" name="test_tornado_chart_orders_ties_and_labels_units" time="0.005" /><testcase classname="tests.test_tornado_viz" name="test_tornado_series_from_sensitivity_uses_attrs" time="0.006" /><testcase classname="tests.test_unit_conversions" name="test_annual_mean_to_monthly_simple_and_geometric" time="0.000" /><testcase classname="tests.test_unit_conversions" name="test_convert_annual_series_to_monthly_simple_and_geometric" time="0.001" /><testcase classname="tests.test_unit_conversions" name="test_normalize_index_series_converts_when_annual" time="0.001" /><testcase classname="tests.test_unit_conversions" name="test_normalize_index_series_passthrough_monthly" time="0.000" /><testcase classname="tests.test_unit_conversions" name="test_normalize_index_series_defaults_to_monthly" time="0.000" /><testcase classname="tests.test_unit_conversions" name="test_annual_vol_to_monthly" time="0.000" /><testcase classname="tests.test_unit_conversions" name="test_annual_cov_to_monthly" time="0.000" /><testcase classname="tests.test_unit_conversions" name="test_annual_cov_matches_vol_conversion" time="0.000" /><testcase classname="tests.test_unit_conversions" name="test_model_config_converts_once" time="0.001" /><testcase classname="tests.test_unit_conversions" name="test_model_config_monthly_passthrough" time="0.000" /><testcase classname="tests.test_unit_conversions" name="test_annual_config_round_trip_to_annual_output" time="0.001" /><testcase classname="tests.test_validate_cli" name="test_validate_cli_ok" time="0.003" /><testcase classname="tests.test_validate_cli" name="test_validate_cli_error" time="0.003" /><testcase classname="tests.test_validate_cli" name="test_validate_cli_config_ok" time="0.002" /><testcase classname="tests.test_validate_cli" name="test_validate_cli_config_error" time="0.002" /><testcase classname="tests.test_validate_cli_subproc" name="test_validate_cli_ok" time="0.285" /><testcase classname="tests.test_validate_cli_subproc" name="test_validate_cli_failure" time="0.284" /><testcase classname="tests.test_validate_cli_subproc" name="test_validate_cli_config" time="0.572" /><testcase classname="tests.test_validation_ui" name="test_display_validation_results_empty" time="0.001" /><testcase classname="tests.test_validation_ui" name="test_display_validation_results_severity_sections" time="0.001" /><testcase classname="tests.test_validation_ui" name="test_create_validation_sidebar" time="0.001" /><testcase classname="tests.test_validation_ui" name="test_validate_scenario_config_disabled" time="0.001" /><testcase classname="tests.test_validation_ui" name="test_validate_scenario_config_filters_and_exception" time="0.001" /><testcase classname="tests.test_validation_ui" name="test_display_psd_projection_info" time="0.001" /><testcase classname="tests.test_validation_ui" name="test_create_margin_buffer_display_branches[-10.0-error]" time="0.001" /><testcase classname="tests.test_validation_ui" name="test_create_margin_buffer_display_branches[50.0-warning]" time="0.001" /><testcase classname="tests.test_validation_ui" name="test_create_margin_buffer_display_branches[150.0-info]" time="0.001" /><testcase classname="tests.test_validation_ui" name="test_create_margin_buffer_display_branches[300.0-success]" time="0.001" /><testcase classname="tests.test_validation_ui" name="test_validation_status_indicator" time="0.001" /><testcase classname="tests.test_validators.TestCorrelationValidation" name="test_valid_correlations" time="0.000" /><testcase classname="tests.test_validators.TestCorrelationValidation" name="test_invalid_correlations" time="0.000" /><testcase classname="tests.test_validators.TestCorrelationValidation" name="test_high_correlation_warning" time="0.000" /><testcase classname="tests.test_validators.TestCovarianceMatrixValidation" name="test_psd_matrix" time="0.000" /><testcase classname="tests.test_validators.TestCovarianceMatrixValidation" name="test_non_psd_matrix" time="0.001" /><testcase classname="tests.test_validators.TestCovarianceMatrixValidation" name="test_psd_projection_details" time="0.000" /><testcase classname="tests.test_validators.TestCapitalAllocationValidation" name="test_valid_capital_allocation" time="0.000" /><testcase classname="tests.test_validators.TestCapitalAllocationValidation" name="test_capital_allocation_exceeds_total" time="0.000" /><testcase classname="tests.test_validators.TestCapitalAllocationValidation" name="test_margin_plus_internal_exceeds_total" time="0.000" /><testcase classname="tests.test_validators.TestCapitalAllocationValidation" name="test_low_buffer_warning" time="0.000" /><testcase classname="tests.test_validators.TestCapitalAllocationValidation" name="test_margin_requirement_calculation" time="0.000" /><testcase classname="tests.test_validators.TestCapitalAllocationValidation" name="test_margin_requirement_schedule_interpolation" time="0.004" /><testcase classname="tests.test_validators.TestCapitalAllocationValidation" name="test_margin_requirement_schedule_interpolation_from_path" time="0.003" /><testcase classname="tests.test_validators.TestCapitalAllocationValidation" name="test_schedule_margin_drives_capital_validation" time="0.003" /><testcase classname="tests.test_validators.TestMarginScheduleValidation" name="test_negative_multiplier" time="0.003" /><testcase classname="tests.test_validators.TestMarginScheduleValidation" name="test_duplicate_terms" time="0.003" /><testcase classname="tests.test_validators.TestMarginScheduleValidation" name="test_non_monotone_terms" time="0.003" /><testcase classname="tests.test_validators.TestMarginScheduleValidation" name="test_negative_term" time="0.003" /><testcase classname="tests.test_validators.TestMarginScheduleValidation" name="test_term_months_column" time="0.003" /><testcase classname="tests.test_validators.TestMarginScheduleValidation" name="test_header_normalization" time="0.003" /><testcase classname="tests.test_validators.TestMarginScheduleValidation" name="test_header_normalization_parentheses" time="0.003" /><testcase classname="tests.test_validators.TestMarginScheduleValidation" name="test_multiplier_alias" time="0.003" /><testcase classname="tests.test_validators.TestMarginScheduleValidation" name="test_non_numeric_term_or_multiplier" time="0.003" /><testcase classname="tests.test_validators.TestMarginScheduleValidation" name="test_string_schedule_path" time="0.003" /><testcase classname="tests.test_validators.TestMarginScheduleValidation" name="test_bytes_schedule_input" time="0.002" /><testcase classname="tests.test_validators.TestMarginScheduleValidation" name="test_string_csv_input" time="0.003" /><testcase classname="tests.test_validators.TestMarginScheduleValidation" name="test_file_like_schedule_input" time="0.002" /><testcase classname="tests.test_validators.TestMarginScheduleValidation" name="test_blank_rows_are_ignored" time="0.003" /><testcase classname="tests.test_validators.TestSimulationParameterValidation" name="test_valid_simulation_params" time="0.000" /><testcase classname="tests.test_validators.TestSimulationParameterValidation" name="test_low_n_simulations_error" time="0.000" /><testcase classname="tests.test_validators.TestSimulationParameterValidation" name="test_low_n_simulations_warning" time="0.000" /><testcase classname="tests.test_validators.TestSimulationParameterValidation" name="test_high_n_simulations_warning" time="0.000" /><testcase classname="tests.test_validators.TestSimulationParameterValidation" name="test_invalid_step_size" time="0.000" /><testcase classname="tests.test_validators.TestSimulationParameterValidation" name="test_small_step_size_warning" time="0.000" /><testcase classname="tests.test_validators.TestValidationFormatting" name="test_format_empty_results" time="0.000" /><testcase classname="tests.test_validators.TestValidationFormatting" name="test_format_mixed_results" time="0.000" /><testcase classname="tests.test_validators.TestValidationFormatting" name="test_format_with_details" time="0.000" /><testcase classname="tests.test_validators.TestVolRegimeSelection" name="test_single_regime_uses_base_sigma" time="0.000" /><testcase classname="tests.test_validators.TestVolRegimeSelection" name="test_two_state_regime_tracks_recent_sigma" time="0.000" /><testcase classname="tests.test_validators.TestVolRegimeSelection" name="test_two_state_invalid_window_raises" time="0.000" /><testcase classname="tests.test_validators_constants.TestValidationConstants" name="test_min_recommended_step_size_constant_defined" time="0.000" /><testcase classname="tests.test_validators_constants.TestValidationConstants" name="test_low_buffer_threshold_constant_defined" time="0.000" /><testcase classname="tests.test_validators_constants.TestValidationConstants" name="test_step_size_validation_uses_constant" time="0.000" /><testcase classname="tests.test_validators_constants.TestValidationConstants" name="test_step_size_below_threshold_triggers_warning" time="0.000" /><testcase classname="tests.test_validators_constants.TestValidationConstants" name="test_step_size_above_threshold_no_warning" time="0.000" /><testcase classname="tests.test_validators_constants.TestValidationConstants" name="test_multiple_step_sizes_mixed_validation" time="0.000" /><testcase classname="tests.test_validators_constants.TestValidationConstants" name="test_constant_consistency" time="0.000" /><testcase classname="tests.test_validators_constants.TestValidationConstants" name="test_numerical_stability_epsilon_constant" time="0.000" /><testcase classname="tests.test_validators_constants.TestValidationConstants" name="test_test_tolerance_epsilon_constant" time="0.000" /><testcase classname="tests.test_validators_constants.TestValidationConstants" name="test_volatility_stress_multiplier_constant" time="0.000" /><testcase classname="tests.test_validators_constants.TestValidationConstants" name="test_epsilon_constants_are_small_positive_values" time="0.000" /><testcase classname="tests.test_validators_constants.TestValidationConstants" name="test_synthetic_data_constants_defined" time="0.000" /><testcase classname="tests.test_validators_constants.TestValidationConstants" name="test_synthetic_data_constants_are_realistic" time="0.000" /><testcase classname="tests.test_visualise" name="test_visualise_alt_text" time="0.070" /><testcase classname="tests.test_viz" name="test_risk_return_make" time="0.021" /><testcase classname="tests.test_viz" name="test_risk_return_axis_labels_match_data" time="0.020" /><testcase classname="tests.test_viz" name="test_risk_return_axis_labels_match_vol_and_return" time="0.020" /><testcase classname="tests.test_viz" name="test_risk_return_falls_back_to_vol_when_te_empty" time="0.020" /><testcase classname="tests.test_viz" name="test_fan_and_dist" time="0.009" /><testcase classname="tests.test_viz" name="test_sharpe_ladder" time="0.005" /><testcase classname="tests.test_viz" name="test_rolling_panel_and_surface_and_pptx" time="0.047" /><testcase classname="tests.test_viz" name="test_category_pie" time="0.003" /><testcase classname="tests.test_viz" name="test_html_and_corr" time="0.037" /><testcase classname="tests.test_viz" name="test_animation" time="0.008" /><testcase classname="tests.test_viz" name="test_overlay_and_waterfall_and_bundle" time="0.035" /><testcase classname="tests.test_viz" name="test_data_table_and_scenario_viewer_and_heatmap" time="0.028" /><testcase classname="tests.test_viz" name="test_panel_make" time="0.034" /><testcase classname="tests.test_viz" name="test_violin_make" time="0.007" /><testcase classname="tests.test_viz" name="test_new_viz_helpers" time="0.018" /><testcase classname="tests.test_viz" name="test_extra_viz_helpers" time="0.055" /><testcase classname="tests.test_viz" name="test_newly_added_viz_helpers" time="0.010" /><testcase classname="tests.test_viz" name="test_additional_new_viz_helpers" time="0.023" /><testcase classname="tests.test_viz" name="test_te_cvar_scatter_and_quantile_fan" time="0.009" /><testcase classname="tests.test_viz" name="test_horizon_inset_and_quality" time="0.023" /><testcase classname="tests.test_viz" name="test_sunburst_make" time="0.004" /><testcase classname="tests.test_viz" name="test_additional_visualisations" time="0.157" /><testcase classname="tests.test_viz" name="test_theme_reload" time="0.002" /><testcase classname="tests.test_viz_live" name="test_connect_requires_websockets" time="0.001" /><testcase classname="tests.test_viz_live" name="test_connect_updates_figure_and_callback" time="0.065" /><testcase classname="tests.test_widgets" name="test_explore_widget" time="0.023" /><testcase classname="tests.test_wizard_getattr_fix.TestWizardConfigConsistency" name="test_default_config_view_has_all_required_attributes" time="0.001" /><testcase classname="tests.test_wizard_getattr_fix.TestWizardConfigConsistency" name="test_default_config_values_match_model_config_defaults" time="0.001" /><testcase classname="tests.test_wizard_getattr_fix.TestWizardConfigConsistency" name="test_analysis_mode_specific_overrides" time="0.001" /><testcase classname="tests.test_wizard_getattr_fix.TestWizardConfigConsistency" name="test_no_getattr_needed" time="0.000" /><testcase classname="tests.test_wizard_schema.TestAnalysisMode" name="test_analysis_mode_values" time="0.000" /><testcase classname="tests.test_wizard_schema.TestAnalysisMode" name="test_analysis_mode_descriptions" time="0.000" /><testcase classname="tests.test_wizard_schema.TestAnalysisMode" name="test_analysis_mode_display_names" time="0.000" /><testcase classname="tests.test_wizard_schema.TestAnalysisMode" name="test_analysis_mode_class_docstring" time="0.000" /><testcase classname="tests.test_wizard_schema.TestRiskMetric" name="test_risk_metric_values" time="0.000" /><testcase classname="tests.test_wizard_schema.TestRiskMetric" name="test_risk_metric_class_docstring" time="0.000" /><testcase classname="tests.test_wizard_schema.TestAnalysisModeDefaults" name="test_capital_mode_defaults" time="0.000" /><testcase classname="tests.test_wizard_schema.TestAnalysisModeDefaults" name="test_returns_mode_defaults" time="0.000" /><testcase classname="tests.test_wizard_schema.TestAnalysisModeDefaults" name="test_alpha_shares_mode_defaults" time="0.000" /><testcase classname="tests.test_wizard_schema.TestAnalysisModeDefaults" name="test_vol_mult_mode_defaults" time="0.001" /><testcase classname="tests.test_wizard_schema.TestAnalysisModeProperties" name="test_description_property_exists" time="0.000" /><testcase classname="tests.test_wizard_schema.TestAnalysisModeProperties" name="test_display_name_property_exists" time="0.000" /><testcase classname="tests.test_wizard_schema.TestAnalysisModeProperties" name="test_specific_display_names" time="0.000" /><testcase classname="tests.test_wizard_schema.TestAnalysisModeProperties" name="test_descriptions_contain_expected_content" time="0.000" /><testcase classname="tests.test_wizard_schema.TestAnalysisModeProperties" name="test_constants_are_comprehensive" time="0.000" /><testcase classname="tests.test_wizard_schema.TestAnalysisModeProperties" name="test_constants_are_used_by_properties" time="0.000" /><testcase classname="tests.test_wizard_schema.TestAnalysisModeProperties" name="test_description_error_handling" time="0.001" /><testcase classname="tests.test_wizard_sleeve_suggestion_apply" name="test_build_yaml_uses_session_state_capital" time="0.010" /></testsuite></testsuites>