nohup: ignoring input

Collecting usage statistics. To deactivate, set browser.gatherUsageStats to false.


  You can now view your Streamlit app in your browser.

  Local URL: http://localhost:8501
  Network URL: http://10.0.1.94:8501
  External URL: http://74.249.85.195:8501

Exception in callback AppSession._on_scriptrunner_event.<locals>.<lambda>() at /workspaces/Portable-Alpha-Extension-Model/.venv/lib/python3.12/site-packages/streamlit/runtime/app_session.py:519
handle: <Handle AppSession._on_scriptrunner_event.<locals>.<lambda>() at /workspaces/Portable-Alpha-Extension-Model/.venv/lib/python3.12/site-packages/streamlit/runtime/app_session.py:519>
Traceback (most recent call last):
  File "/workspaces/Portable-Alpha-Extension-Model/.venv/lib/python3.12/site-packages/streamlit/web/bootstrap.py", line 348, in run
    if asyncio.get_running_loop().is_running():
       ^^^^^^^^^^^^^^^^^^^^^^^^^^
RuntimeError: no running event loop

During handling of the above exception, another exception occurred:

Traceback (most recent call last):
  File "/usr/lib/python3.12/asyncio/events.py", line 88, in _run
    self._context.run(self._callback, *self._args)
  File "/workspaces/Portable-Alpha-Extension-Model/.venv/lib/python3.12/site-packages/streamlit/runtime/app_session.py", line 519, in <lambda>
    lambda: self._handle_scriptrunner_event_on_event_loop(
            ^^^^^^^^^^^^^^^^^^^^^^^^^^^^^^^^^^^^^^^^^^^^^^
  File "/workspaces/Portable-Alpha-Extension-Model/.venv/lib/python3.12/site-packages/streamlit/runtime/app_session.py", line 616, in _handle_scriptrunner_event_on_event_loop
    msg = self._create_new_session_message(
          ^^^^^^^^^^^^^^^^^^^^^^^^^^^^^^^^^
  File "/workspaces/Portable-Alpha-Extension-Model/.venv/lib/python3.12/site-packages/streamlit/runtime/app_session.py", line 750, in _create_new_session_message
    _populate_user_info_msg(imsg.user_info)
  File "/workspaces/Portable-Alpha-Extension-Model/.venv/lib/python3.12/site-packages/streamlit/runtime/app_session.py", line 1003, in _populate_user_info_msg
    inst = Installation.instance()
           ^^^^^^^^^^^^^^^^^^^^^^^
  File "/workspaces/Portable-Alpha-Extension-Model/.venv/lib/python3.12/site-packages/streamlit/runtime/metrics_util.py", line 228, in instance
    cls._instance = Installation()
                    ^^^^^^^^^^^^^^
  File "/workspaces/Portable-Alpha-Extension-Model/.venv/lib/python3.12/site-packages/streamlit/runtime/metrics_util.py", line 236, in __init__
    self.installation_id_v4 = _get_machine_id_v4()
                              ^^^^^^^^^^^^^^^^^^^^
  File "/workspaces/Portable-Alpha-Extension-Model/.venv/lib/python3.12/site-packages/streamlit/runtime/metrics_util.py", line 209, in _get_machine_id_v4
    with file_util.streamlit_write(filepath) as output:
         ^^^^^^^^^^^^^^^^^^^^^^^^^^^^^^^^^^^
  File "/usr/lib/python3.12/contextlib.py", line 137, in __enter__
    return next(self.gen)
           ^^^^^^^^^^^^^^
  File "/workspaces/Portable-Alpha-Extension-Model/.venv/lib/python3.12/site-packages/streamlit/file_util.py", line 113, in streamlit_write
    os.makedirs(os.path.dirname(path), exist_ok=True)
  File "<frozen os>", line 215, in makedirs
  File "<frozen os>", line 225, in makedirs
PermissionError: [Errno 13] Permission denied: '/home/codespace'
[1;91mChromeNotFoundError[0m

[3mThe above exception was the direct cause of the following exception:[0m

[31mâ”€â”€[0m[31mâ”€â”€â”€â”€â”€â”€â”€â”€â”€â”€â”€â”€â”€â”€â”€â”€â”€â”€â”€â”€â”€â”€â”€â”€[0m[31m [0m[1;31mTraceback [0m[1;2;31m(most recent call last)[0m[31m [0m[31mâ”€â”€â”€â”€â”€â”€â”€â”€â”€â”€â”€â”€â”€â”€â”€â”€â”€â”€â”€â”€â”€â”€â”€â”€â”€[0m[31mâ”€â”€[0m
[31m [0m [2m/workspaces/Portable-Alpha-Extension-Model/.venv/lib/python3.12/site-packages/plotly[0m [31m [0m
[31m [0m [2m/io/[0m[1m_kaleido.py[0m:380 in to_image                                                      [31m [0m
[31m [0m                                                                                      [31m [0m
[31m [0m   [2m377 [0m[2mâ”‚   â”‚   â”‚   â”‚   [0mkopts[[33m"[0m[33mmathjax[0m[33m"[0m] = defaults.mathjax                            [31m [0m
[31m [0m   [2m378 [0m[2mâ”‚   â”‚   â”‚   [0m                                                                   [31m [0m
[31m [0m   [2m379 [0m[2mâ”‚   â”‚   â”‚   [0m[2m# TODO: Refactor to make it possible to use a shared Kaleido insta[0m [31m [0m
[31m [0m [31mâ± [0m380 [2mâ”‚   â”‚   â”‚   [0mimg_bytes = kaleido.calc_fig_sync(                                 [31m [0m
[31m [0m   [2m381 [0m[2mâ”‚   â”‚   â”‚   â”‚   [0mfig_dict,                                                      [31m [0m
[31m [0m   [2m382 [0m[2mâ”‚   â”‚   â”‚   â”‚   [0mopts=[96mdict[0m(                                                     [31m [0m
[31m [0m   [2m383 [0m[2mâ”‚   â”‚   â”‚   â”‚   â”‚   [0m[96mformat[0m=[96mformat[0m [95mor[0m defaults.default_format,                  [31m [0m
[31m [0m                                                                                      [31m [0m
[31m [0m [2m/workspaces/Portable-Alpha-Extension-Model/.venv/lib/python3.12/site-packages/kaleid[0m [31m [0m
[31m [0m [2mo/[0m[1m__init__.py[0m:145 in calc_fig_sync                                                   [31m [0m
[31m [0m                                                                                      [31m [0m
[31m [0m   [2m142 [0m                                                                               [31m [0m
[31m [0m   [2m143 [0m[94mdef[0m[90m [0m[92mcalc_fig_sync[0m(*args, **kwargs):                                            [31m [0m
[31m [0m   [2m144 [0m[2;90mâ”‚   [0m[33m"""Call `calc_fig` but blocking."""[0m                                        [31m [0m
[31m [0m [31mâ± [0m145 [2mâ”‚   [0m[94mreturn[0m [1;4m_async_thread_run(calc_fig, args=args, kwargs=kwargs)[0m               [31m [0m
[31m [0m   [2m146 [0m                                                                               [31m [0m
[31m [0m   [2m147 [0m                                                                               [31m [0m
[31m [0m   [2m148 [0m[94mdef[0m[90m [0m[92mwrite_fig_sync[0m(*args, **kwargs):                                           [31m [0m
[31m [0m                                                                                      [31m [0m
[31m [0m [2m/workspaces/Portable-Alpha-Extension-Model/.venv/lib/python3.12/site-packages/kaleid[0m [31m [0m
[31m [0m [2mo/[0m[1m__init__.py[0m:138 in _async_thread_run                                               [31m [0m
[31m [0m                                                                                      [31m [0m
[31m [0m   [2m135 [0m[2mâ”‚   [0mt.join()                                                                   [31m [0m
[31m [0m   [2m136 [0m[2mâ”‚   [0mres = q.get()                                                              [31m [0m
[31m [0m   [2m137 [0m[2mâ”‚   [0m[94mif[0m [96misinstance[0m(res, [96mBaseException[0m):                                         [31m [0m
[31m [0m [31mâ± [0m138 [2mâ”‚   â”‚   [0m[1;4;94mraise[0m[1;4m res[0m                                                              [31m [0m
[31m [0m   [2m139 [0m[2mâ”‚   [0m[94melse[0m:                                                                      [31m [0m
[31m [0m   [2m140 [0m[2mâ”‚   â”‚   [0m[94mreturn[0m res                                                             [31m [0m
[31m [0m   [2m141 [0m                                                                               [31m [0m
[31m [0m                                                                                      [31m [0m
[31m [0m [2m/workspaces/Portable-Alpha-Extension-Model/.venv/lib/python3.12/site-packages/kaleid[0m [31m [0m
[31m [0m [2mo/[0m[1m__init__.py[0m:129 in run                                                             [31m [0m
[31m [0m                                                                                      [31m [0m
[31m [0m   [2m126 [0m[2mâ”‚   [0m[94mdef[0m[90m [0m[92mrun[0m(*args, **kwargs):                                                  [31m [0m
[31m [0m   [2m127 [0m[2mâ”‚   â”‚   [0m[2m# func is a closure[0m                                                    [31m [0m
[31m [0m   [2m128 [0m[2mâ”‚   â”‚   [0m[94mtry[0m:                                                                   [31m [0m
[31m [0m [31mâ± [0m129 [2mâ”‚   â”‚   â”‚   [0mq.put(asyncio.run(func(*args, **kwargs)))                          [31m [0m
[31m [0m   [2m130 [0m[2mâ”‚   â”‚   [0m[94mexcept[0m [96mBaseException[0m [94mas[0m e:  [2m# noqa: BLE001[0m                             [31m [0m
[31m [0m   [2m131 [0m[2mâ”‚   â”‚   â”‚   [0m[1;4mq.put(e)[0m                                                           [31m [0m
[31m [0m   [2m132 [0m                                                                               [31m [0m
[31m [0m                                                                                      [31m [0m
[31m [0m [2m/usr/lib/python3.12/asyncio/[0m[1mrunners.py[0m:195 in run                                    [31m [0m
[31m [0m                                                                                      [31m [0m
[31m [0m   [2m192 [0m[2mâ”‚   â”‚   â”‚   [0m[33m"[0m[33masyncio.run() cannot be called from a running event loop[0m[33m"[0m)        [31m [0m
[31m [0m   [2m193 [0m[2mâ”‚   [0m                                                                           [31m [0m
[31m [0m   [2m194 [0m[2mâ”‚   [0m[94mwith[0m Runner(debug=debug, loop_factory=loop_factory) [94mas[0m runner:             [31m [0m
[31m [0m [31mâ± [0m195 [2mâ”‚   â”‚   [0m[94mreturn[0m [1;4mrunner.run(main)[0m                                                [31m [0m
[31m [0m   [2m196 [0m                                                                               [31m [0m
[31m [0m   [2m197 [0m                                                                               [31m [0m
[31m [0m   [2m198 [0m[94mdef[0m[90m [0m[92m_cancel_all_tasks[0m(loop):                                                   [31m [0m
[31m [0m                                                                                      [31m [0m
[31m [0m [2m/usr/lib/python3.12/asyncio/[0m[1mrunners.py[0m:118 in run                                    [31m [0m
[31m [0m                                                                                      [31m [0m
[31m [0m   [2m115 [0m[2mâ”‚   â”‚   [0m                                                                       [31m [0m
[31m [0m   [2m116 [0m[2mâ”‚   â”‚   [0m[96mself[0m._interrupt_count = [94m0[0m                                              [31m [0m
[31m [0m   [2m117 [0m[2mâ”‚   â”‚   [0m[94mtry[0m:                                                                   [31m [0m
[31m [0m [31mâ± [0m118 [2mâ”‚   â”‚   â”‚   [0m[94mreturn[0m [96mself[0m._loop.run_until_complete(task)                         [31m [0m
[31m [0m   [2m119 [0m[2mâ”‚   â”‚   [0m[94mexcept[0m exceptions.CancelledError:                                      [31m [0m
[31m [0m   [2m120 [0m[2mâ”‚   â”‚   â”‚   [0m[94mif[0m [96mself[0m._interrupt_count > [94m0[0m:                                      [31m [0m
[31m [0m   [2m121 [0m[2mâ”‚   â”‚   â”‚   â”‚   [0muncancel = [96mgetattr[0m(task, [33m"[0m[33muncancel[0m[33m"[0m, [94mNone[0m)                     [31m [0m
[31m [0m                                                                                      [31m [0m
[31m [0m [2m/usr/lib/python3.12/asyncio/[0m[1mbase_events.py[0m:691 in run_until_complete                 [31m [0m
[31m [0m                                                                                      [31m [0m
[31m [0m   [2m 688 [0m[2mâ”‚   â”‚   [0m[94mif[0m [95mnot[0m future.done():                                                 [31m [0m
[31m [0m   [2m 689 [0m[2mâ”‚   â”‚   â”‚   [0m[94mraise[0m [96mRuntimeError[0m([33m'[0m[33mEvent loop stopped before Future completed.[0m[33m'[0m) [31m [0m
[31m [0m   [2m 690 [0m[2mâ”‚   â”‚   [0m                                                                      [31m [0m
[31m [0m [31mâ± [0m 691 [2mâ”‚   â”‚   [0m[94mreturn[0m [1;4mfuture.result()[0m                                                [31m [0m
[31m [0m   [2m 692 [0m[2mâ”‚   [0m                                                                          [31m [0m
[31m [0m   [2m 693 [0m[2mâ”‚   [0m[94mdef[0m[90m [0m[92mstop[0m([96mself[0m):                                                           [31m [0m
[31m [0m   [2m 694 [0m[2;90mâ”‚   â”‚   [0m[33m"""Stop running the event loop.[0m                                       [31m [0m
[31m [0m                                                                                      [31m [0m
[31m [0m [2m/workspaces/Portable-Alpha-Extension-Model/.venv/lib/python3.12/site-packages/kaleid[0m [31m [0m
[31m [0m [2mo/[0m[1m__init__.py[0m:54 in calc_fig                                                         [31m [0m
[31m [0m                                                                                      [31m [0m
[31m [0m   [2m 51 [0m[2;33mâ”‚   [0m[33m"""[0m                                                                        [31m [0m
[31m [0m   [2m 52 [0m[2mâ”‚   [0mkopts = kopts [95mor[0m {}                                                        [31m [0m
[31m [0m   [2m 53 [0m[2mâ”‚   [0mkopts[[33m"[0m[33mn[0m[33m"[0m] = [94m1[0m                                                             [31m [0m
[31m [0m [31mâ± [0m 54 [2mâ”‚   [0m[94masync[0m [94mwith[0m [1;4mKaleido(**kopts)[0m [94mas[0m k:                                          [31m [0m
[31m [0m   [2m 55 [0m[2mâ”‚   â”‚   [0m[94mreturn[0m [94mawait[0m k.calc_fig(                                               [31m [0m
[31m [0m   [2m 56 [0m[2mâ”‚   â”‚   â”‚   [0mfig,                                                               [31m [0m
[31m [0m   [2m 57 [0m[2mâ”‚   â”‚   â”‚   [0mpath=path,                                                         [31m [0m
[31m [0m                                                                                      [31m [0m
[31m [0m [2m/workspaces/Portable-Alpha-Extension-Model/.venv/lib/python3.12/site-packages/kaleid[0m [31m [0m
[31m [0m [2mo/[0m[1mkaleido.py[0m:128 in __init__                                                         [31m [0m
[31m [0m                                                                                      [31m [0m
[31m [0m   [2m125 [0m[2mâ”‚   â”‚   [0m[94mtry[0m:                                                                   [31m [0m
[31m [0m   [2m126 [0m[2mâ”‚   â”‚   â”‚   [0m[96msuper[0m().[92m__init__[0m(*args, **kwargs)                                  [31m [0m
[31m [0m   [2m127 [0m[2mâ”‚   â”‚   [0m[94mexcept[0m ChromeNotFoundError:                                            [31m [0m
[31m [0m [31mâ± [0m128 [2mâ”‚   â”‚   â”‚   [0m[1;4;94mraise[0m[1;4m ChromeNotFoundError([0m                                         [31m [0m
[31m [0m   [2m129 [0m[2mâ”‚   â”‚   â”‚   â”‚   [0m[1;4;33m"[0m[1;4;33mKaleido v1 and later requires Chrome to be installed. [0m[1;4;33m"[0m       [31m [0m
[31m [0m   [2m130 [0m[2mâ”‚   â”‚   â”‚   â”‚   [0m[1;4;33m"[0m[1;4;33mTo install Chrome, use the CLI command `kaleido_get_chrome`, [0m [31m [0m
[31m [0m   [2m131 [0m[2mâ”‚   â”‚   â”‚   â”‚   [0m[1;4;33m"[0m[1;4;33mor from Python, use either `kaleido.get_chrome()` [0m[1;4;33m"[0m           [31m [0m
[31mâ”€â”€â”€â”€â”€â”€â”€â”€â”€â”€â”€â”€â”€â”€â”€â”€â”€â”€â”€â”€â”€â”€â”€â”€â”€â”€â”€â”€â”€â”€â”€â”€â”€â”€â”€â”€â”€â”€â”€â”€â”€â”€â”€â”€â”€â”€â”€â”€â”€â”€â”€â”€â”€â”€â”€â”€â”€â”€â”€â”€â”€â”€â”€â”€â”€â”€â”€â”€â”€â”€â”€â”€â”€â”€â”€â”€â”€â”€â”€â”€â”€â”€â”€â”€â”€â”€â”€â”€[0m
[1;91mChromeNotFoundError: [0mKaleido v1 and later requires Chrome to be installed. To install 
Chrome, use the CLI command `kaleido_get_chrome`, or from Python, use either 
`[1;35mkaleido.get_chrome[0m[1m([0m[1m)[0m` or `[1;35mkaleido.get_chrome_sync[0m[1m([0m[1m)[0m`.

[3mDuring handling of the above exception, another exception occurred:[0m

[31mâ”€â”€[0m[31mâ”€â”€â”€â”€â”€â”€â”€â”€â”€â”€â”€â”€â”€â”€â”€â”€â”€â”€â”€â”€â”€â”€â”€â”€[0m[31m [0m[1;31mTraceback [0m[1;2;31m(most recent call last)[0m[31m [0m[31mâ”€â”€â”€â”€â”€â”€â”€â”€â”€â”€â”€â”€â”€â”€â”€â”€â”€â”€â”€â”€â”€â”€â”€â”€â”€[0m[31mâ”€â”€[0m
[31m [0m [2m/workspaces/Portable-Alpha-Extension-Model/.venv/lib/python3.12/site-packages/stream[0m [31m [0m
[31m [0m [2mlit/runtime/scriptrunner/[0m[1mexec_code.py[0m:128 in exec_func_with_error_handling           [31m [0m
[31m [0m                                                                                      [31m [0m
[31m [0m [2m/workspaces/Portable-Alpha-Extension-Model/.venv/lib/python3.12/site-packages/stream[0m [31m [0m
[31m [0m [2mlit/runtime/scriptrunner/[0m[1mscript_runner.py[0m:669 in code_to_exec                        [31m [0m
[31m [0m                                                                                      [31m [0m
[31m [0m [2m/workspaces/Portable-Alpha-Extension-Model/dashboard/[0m[1mapp.py[0m:98 in <module>           [31m [0m
[31m [0m                                                                                      [31m [0m
[31m [0m   [2m95 [0m                                                                                [31m [0m
[31m [0m   [2m96 [0m                                                                                [31m [0m
[31m [0m   [2m97 [0m[94mif[0m [91m__name__[0m == [33m"[0m[33m__main__[0m[33m"[0m:  [2m# pragma: no cover - entry point[0m                    [31m [0m
[31m [0m [31mâ± [0m98 [2mâ”‚   [0m[1;4mmain()[0m                                                                      [31m [0m
[31m [0m   [2m99 [0m                                                                                [31m [0m
[31m [0m                                                                                      [31m [0m
[31m [0m [2m/workspaces/Portable-Alpha-Extension-Model/dashboard/[0m[1mapp.py[0m:85 in main               [31m [0m
[31m [0m                                                                                      [31m [0m
[31m [0m   [2m82 [0m[2mâ”‚   [0m[94mwith[0m tabs[-[94m1[0m]:                                                              [31m [0m
[31m [0m   [2m83 [0m[2mâ”‚   â”‚   [0mst.dataframe(summary)                                                   [31m [0m
[31m [0m   [2m84 [0m[2mâ”‚   [0m                                                                            [31m [0m
[31m [0m [31mâ± [0m85 [2mâ”‚   [0mpng = [1;4m_get_plot_fn(PLOTS[[0m[1;4;33m"[0m[1;4;33mHeadline[0m[1;4;33m"[0m[1;4m])(summary).to_image([0m[1;4;96mformat[0m[1;4m=[0m[1;4;33m"[0m[1;4;33mpng[0m[1;4;33m"[0m[1;4m)[0m       [31m [0m
[31m [0m   [2m86 [0m[2mâ”‚   [0mst.download_button(                                                         [31m [0m
[31m [0m   [2m87 [0m[2mâ”‚   â”‚   [0m[33m"[0m[33mDownload PNG[0m[33m"[0m, png, file_name=[33m"[0m[33mrisk_return.png[0m[33m"[0m, mime=[33m"[0m[33mimage/png[0m[33m"[0m      [31m [0m
[31m [0m   [2m88 [0m[2mâ”‚   [0m)                                                                           [31m [0m
[31m [0m                                                                                      [31m [0m
[31m [0m [2m/workspaces/Portable-Alpha-Extension-Model/.venv/lib/python3.12/site-packages/plotly[0m [31m [0m
[31m [0m [2m/[0m[1mbasedatatypes.py[0m:3801 in to_image                                                   [31m [0m
[31m [0m                                                                                      [31m [0m
[31m [0m   [2m3798 [0m[2mâ”‚   â”‚   â”‚   â”‚   â”‚   [0mENGINE_PARAM_DEPRECATION_MSG, [96mDeprecationWarning[0m, stackle [31m [0m
[31m [0m   [2m3799 [0m[2mâ”‚   â”‚   â”‚   â”‚   [0m)                                                             [31m [0m
[31m [0m   [2m3800 [0m[2mâ”‚   â”‚   [0m                                                                      [31m [0m
[31m [0m [31mâ± [0m3801 [2mâ”‚   â”‚   [0m[94mreturn[0m [1;4mpio.to_image([0m[1;4;96mself[0m[1;4m, *args, **kwargs)[0m                            [31m [0m
[31m [0m   [2m3802 [0m[2mâ”‚   [0m                                                                          [31m [0m
[31m [0m   [2m3803 [0m[2mâ”‚   [0m[94mdef[0m[90m [0m[92mwrite_image[0m([96mself[0m, *args, **kwargs):                                   [31m [0m
[31m [0m   [2m3804 [0m[2;90mâ”‚   â”‚   [0m[33m"""[0m                                                                   [31m [0m
[31m [0m                                                                                      [31m [0m
[31m [0m [2m/workspaces/Portable-Alpha-Extension-Model/.venv/lib/python3.12/site-packages/plotly[0m [31m [0m
[31m [0m [2m/io/[0m[1m_kaleido.py[0m:392 in to_image                                                      [31m [0m
[31m [0m                                                                                      [31m [0m
[31m [0m   [2m389 [0m[2mâ”‚   â”‚   â”‚   â”‚   [0mkopts=kopts,                                                   [31m [0m
[31m [0m   [2m390 [0m[2mâ”‚   â”‚   â”‚   [0m)                                                                  [31m [0m
[31m [0m   [2m391 [0m[2mâ”‚   â”‚   [0m[94mexcept[0m ChromeNotFoundError:                                            [31m [0m
[31m [0m [31mâ± [0m392 [2mâ”‚   â”‚   â”‚   [0m[1;4;94mraise[0m[1;4m [0m[1;4;96mRuntimeError[0m[1;4m(PLOTLY_GET_CHROME_ERROR_MSG)[0m                    [31m [0m
[31m [0m   [2m393 [0m[2mâ”‚   [0m                                                                           [31m [0m
[31m [0m   [2m394 [0m[2mâ”‚   [0m[94melse[0m:                                                                      [31m [0m
[31m [0m   [2m395 [0m[2mâ”‚   â”‚   [0m[2m# Kaleido v0[0m                                                           [31m [0m
[31mâ”€â”€â”€â”€â”€â”€â”€â”€â”€â”€â”€â”€â”€â”€â”€â”€â”€â”€â”€â”€â”€â”€â”€â”€â”€â”€â”€â”€â”€â”€â”€â”€â”€â”€â”€â”€â”€â”€â”€â”€â”€â”€â”€â”€â”€â”€â”€â”€â”€â”€â”€â”€â”€â”€â”€â”€â”€â”€â”€â”€â”€â”€â”€â”€â”€â”€â”€â”€â”€â”€â”€â”€â”€â”€â”€â”€â”€â”€â”€â”€â”€â”€â”€â”€â”€â”€â”€â”€[0m
[1;91mRuntimeError: [0m

Kaleido requires Google Chrome to be installed.

Either download and install Chrome yourself following Google's instructions for your 
operating system,
or install it from your terminal by running:

    $ plotly_get_chrome


